[2022-03-19 23:50:07.024] INFO [main]c.a.boot.nacos.config.util.NacosConfigPropertiesUtils.buildNacosConfigProperties:47 -nacosConfigProperties : NacosConfigProperties{serverAddr='127.0.0.1:8848', contextPath='null', encode='null', endpoint='null', namespace='null', accessKey='null', secretKey='null', ramRoleName='null', autoRefresh=false, dataId='null', dataIds='null', group='DEFAULT_GROUP', type=null, maxRetry='null', configLongPollTimeout='null', configRetryTime='null', enableRemoteSyncConfig=false, extConfig=[], bootstrap=Bootstrap{enable=false, logEnable=false}}
[2022-03-19 23:50:07.029] INFO [main]c.a.b.n.c.a.NacosConfigApplicationContextInitializer.initialize:75 -[Nacos Config Boot] : The preload configuration is not enabled
[2022-03-19 23:50:07.041] INFO [main]com.payermax.data.secure.client.DcSecureMain.logStarting:55 -Starting DcSecureMain on Lius-MacBook-Air.local with PID 91936 (/Users/liulang/Downloads/dc-secure/dc-secure-gitlab/dc-secure/dc-secure-client/target/classes started by liulang in /Users/liulang/Downloads/dc-secure/dc-secure-gitlab/dc-secure)
[2022-03-19 23:50:07.046] INFO [main]com.payermax.data.secure.client.DcSecureMain.logStartupProfileInfo:652 -The following profiles are active: local
[2022-03-19 23:50:09.667] INFO [main]o.s.boot.web.embedded.tomcat.TomcatWebServer.initialize:108 -Tomcat initialized with port(s): 8000 (http)
[2022-03-19 23:50:09.684] INFO [main]org.apache.coyote.http11.Http11NioProtocol.log:173 -Initializing ProtocolHandler ["http-nio-8000"]
[2022-03-19 23:50:09.686] INFO [main]org.apache.catalina.core.StandardService.log:173 -Starting service [Tomcat]
[2022-03-19 23:50:09.687] INFO [main]org.apache.catalina.core.StandardEngine.log:173 -Starting Servlet engine: [Apache Tomcat/9.0.46]
[2022-03-19 23:50:09.827] INFO [main]o.a.c.c.ContainerBase.[Tomcat].[localhost].[/dc-secure].log:173 -Initializing Spring embedded WebApplicationContext
[2022-03-19 23:50:09.830] INFO [main]o.s.b.w.s.context.ServletWebServerApplicationContext.prepareWebApplicationContext:285 -Root WebApplicationContext: initialization completed in 2642 ms
[2022-03-19 23:50:12.913] INFO [main]o.s.boot.actuate.endpoint.web.EndpointLinksResolver.<init>:58 -Exposing 2 endpoint(s) beneath base path '/actuator'
[2022-03-19 23:50:13.183] INFO [main]s.d.s.web.PropertySourcedRequestMappingHandlerMapping.initHandlerMethods:69 -Mapped URL path [/v2/api-docs] onto method [springfox.documentation.swagger2.web.Swagger2Controller#getDocumentation(String, HttpServletRequest)]
[2022-03-19 23:50:14.012] INFO [main]org.apache.coyote.http11.Http11NioProtocol.log:173 -Starting ProtocolHandler ["http-nio-8000"]
[2022-03-19 23:50:14.049] INFO [main]o.s.boot.web.embedded.tomcat.TomcatWebServer.start:220 -Tomcat started on port(s): 8000 (http) with context path '/dc-secure'
[2022-03-19 23:50:14.053] INFO [main]s.d.spring.web.plugins.DocumentationPluginsBootstrapper.start:160 -Context refreshed
[2022-03-19 23:50:14.076] INFO [main]s.d.spring.web.plugins.DocumentationPluginsBootstrapper.start:163 -Found 1 custom documentation plugin(s)
[2022-03-19 23:50:14.117] INFO [main]s.d.spring.web.scanners.ApiListingReferenceScanner.scan:41 -Scanning for api listing references
[2022-03-19 23:50:14.540] INFO [main]s.d.s.w.readers.operation.CachingOperationNameGenerator.startingWith:40 -Generating unique operation named: handleUsingGET_1
[2022-03-19 23:50:14.548] INFO [main]s.d.s.w.readers.operation.CachingOperationNameGenerator.startingWith:40 -Generating unique operation named: handleUsingGET_2
[2022-03-19 23:50:14.553] INFO [main]s.d.s.w.readers.operation.CachingOperationNameGenerator.startingWith:40 -Generating unique operation named: deleteRecordByIdUsingGET_1
[2022-03-19 23:50:14.559] INFO [main]s.d.s.w.readers.operation.CachingOperationNameGenerator.startingWith:40 -Generating unique operation named: queryByIdUsingGET_1
[2022-03-19 23:50:14.565] INFO [main]s.d.s.w.readers.operation.CachingOperationNameGenerator.startingWith:40 -Generating unique operation named: queryPageUsingPOST_1
[2022-03-19 23:50:14.570] INFO [main]s.d.s.w.readers.operation.CachingOperationNameGenerator.startingWith:40 -Generating unique operation named: saveRecordUsingPOST_1
[2022-03-19 23:50:14.573] INFO [main]s.d.s.w.readers.operation.CachingOperationNameGenerator.startingWith:40 -Generating unique operation named: updateRecordUsingPOST_1
[2022-03-19 23:50:14.578] INFO [main]s.d.s.w.readers.operation.CachingOperationNameGenerator.startingWith:40 -Generating unique operation named: deleteRecordByIdUsingGET_2
[2022-03-19 23:50:14.586] INFO [main]s.d.s.w.readers.operation.CachingOperationNameGenerator.startingWith:40 -Generating unique operation named: queryByIdUsingGET_2
[2022-03-19 23:50:14.602] INFO [main]s.d.s.w.readers.operation.CachingOperationNameGenerator.startingWith:40 -Generating unique operation named: queryPageUsingPOST_2
[2022-03-19 23:50:14.606] INFO [main]s.d.s.w.readers.operation.CachingOperationNameGenerator.startingWith:40 -Generating unique operation named: saveRecordUsingPOST_2
[2022-03-19 23:50:14.608] INFO [main]s.d.s.w.readers.operation.CachingOperationNameGenerator.startingWith:40 -Generating unique operation named: updateRecordUsingPOST_2
[2022-03-19 23:50:14.635] INFO [main]s.d.s.w.readers.operation.CachingOperationNameGenerator.startingWith:40 -Generating unique operation named: deleteRecordByIdUsingGET_3
[2022-03-19 23:50:14.649] INFO [main]s.d.s.w.readers.operation.CachingOperationNameGenerator.startingWith:40 -Generating unique operation named: queryByIdUsingGET_3
[2022-03-19 23:50:14.659] INFO [main]s.d.s.w.readers.operation.CachingOperationNameGenerator.startingWith:40 -Generating unique operation named: queryPageUsingPOST_3
[2022-03-19 23:50:14.669] INFO [main]s.d.s.w.readers.operation.CachingOperationNameGenerator.startingWith:40 -Generating unique operation named: saveRecordUsingPOST_3
[2022-03-19 23:50:14.671] INFO [main]s.d.s.w.readers.operation.CachingOperationNameGenerator.startingWith:40 -Generating unique operation named: updateRecordUsingPOST_3
[2022-03-19 23:50:14.677] INFO [main]s.d.s.w.readers.operation.CachingOperationNameGenerator.startingWith:40 -Generating unique operation named: deleteRecordByIdUsingGET_4
[2022-03-19 23:50:14.694] INFO [main]s.d.s.w.readers.operation.CachingOperationNameGenerator.startingWith:40 -Generating unique operation named: queryByIdUsingGET_4
[2022-03-19 23:50:14.704] INFO [main]s.d.s.w.readers.operation.CachingOperationNameGenerator.startingWith:40 -Generating unique operation named: queryPageUsingPOST_4
[2022-03-19 23:50:14.708] INFO [main]s.d.s.w.readers.operation.CachingOperationNameGenerator.startingWith:40 -Generating unique operation named: saveRecordUsingPOST_4
[2022-03-19 23:50:14.710] INFO [main]s.d.s.w.readers.operation.CachingOperationNameGenerator.startingWith:40 -Generating unique operation named: updateRecordUsingPOST_4
[2022-03-19 23:50:14.718] INFO [main]s.d.s.w.readers.operation.CachingOperationNameGenerator.startingWith:40 -Generating unique operation named: deleteRecordByIdUsingGET_5
[2022-03-19 23:50:14.723] INFO [main]s.d.s.w.readers.operation.CachingOperationNameGenerator.startingWith:40 -Generating unique operation named: queryByIdUsingGET_5
[2022-03-19 23:50:14.729] INFO [main]s.d.s.w.readers.operation.CachingOperationNameGenerator.startingWith:40 -Generating unique operation named: queryPageUsingPOST_5
[2022-03-19 23:50:14.733] INFO [main]s.d.s.w.readers.operation.CachingOperationNameGenerator.startingWith:40 -Generating unique operation named: saveRecordUsingPOST_5
[2022-03-19 23:50:14.735] INFO [main]s.d.s.w.readers.operation.CachingOperationNameGenerator.startingWith:40 -Generating unique operation named: updateRecordUsingPOST_5
[2022-03-19 23:50:14.740] INFO [main]s.d.s.w.readers.operation.CachingOperationNameGenerator.startingWith:40 -Generating unique operation named: deleteRecordByIdUsingGET_6
[2022-03-19 23:50:14.748] INFO [main]s.d.s.w.readers.operation.CachingOperationNameGenerator.startingWith:40 -Generating unique operation named: queryByIdUsingGET_6
[2022-03-19 23:50:14.754] INFO [main]s.d.s.w.readers.operation.CachingOperationNameGenerator.startingWith:40 -Generating unique operation named: queryPageUsingPOST_6
[2022-03-19 23:50:14.767] INFO [main]s.d.s.w.readers.operation.CachingOperationNameGenerator.startingWith:40 -Generating unique operation named: saveRecordUsingPOST_6
[2022-03-19 23:50:14.769] INFO [main]s.d.s.w.readers.operation.CachingOperationNameGenerator.startingWith:40 -Generating unique operation named: updateRecordUsingPOST_6
[2022-03-19 23:50:14.773] INFO [main]s.d.s.w.readers.operation.CachingOperationNameGenerator.startingWith:40 -Generating unique operation named: deleteRecordByIdUsingGET_7
[2022-03-19 23:50:14.784] INFO [main]s.d.s.w.readers.operation.CachingOperationNameGenerator.startingWith:40 -Generating unique operation named: queryByIdUsingGET_7
[2022-03-19 23:50:14.806] INFO [main]s.d.s.w.readers.operation.CachingOperationNameGenerator.startingWith:40 -Generating unique operation named: queryPageUsingPOST_7
[2022-03-19 23:50:14.814] INFO [main]s.d.s.w.readers.operation.CachingOperationNameGenerator.startingWith:40 -Generating unique operation named: saveRecordUsingPOST_7
[2022-03-19 23:50:14.816] INFO [main]s.d.s.w.readers.operation.CachingOperationNameGenerator.startingWith:40 -Generating unique operation named: updateRecordUsingPOST_7
[2022-03-19 23:50:14.824] INFO [main]s.d.s.w.readers.operation.CachingOperationNameGenerator.startingWith:40 -Generating unique operation named: deleteRecordByIdUsingGET_8
[2022-03-19 23:50:14.837] INFO [main]s.d.s.w.readers.operation.CachingOperationNameGenerator.startingWith:40 -Generating unique operation named: queryByIdUsingGET_8
[2022-03-19 23:50:14.843] INFO [main]s.d.s.w.readers.operation.CachingOperationNameGenerator.startingWith:40 -Generating unique operation named: queryPageUsingPOST_8
[2022-03-19 23:50:14.848] INFO [main]s.d.s.w.readers.operation.CachingOperationNameGenerator.startingWith:40 -Generating unique operation named: saveRecordUsingPOST_8
[2022-03-19 23:50:14.850] INFO [main]s.d.s.w.readers.operation.CachingOperationNameGenerator.startingWith:40 -Generating unique operation named: updateRecordUsingPOST_8
[2022-03-19 23:50:14.855] INFO [main]s.d.s.w.readers.operation.CachingOperationNameGenerator.startingWith:40 -Generating unique operation named: deleteRecordByIdUsingGET_9
[2022-03-19 23:50:14.865] INFO [main]s.d.s.w.readers.operation.CachingOperationNameGenerator.startingWith:40 -Generating unique operation named: queryByIdUsingGET_9
[2022-03-19 23:50:14.870] INFO [main]s.d.s.w.readers.operation.CachingOperationNameGenerator.startingWith:40 -Generating unique operation named: queryPageUsingPOST_9
[2022-03-19 23:50:14.873] INFO [main]s.d.s.w.readers.operation.CachingOperationNameGenerator.startingWith:40 -Generating unique operation named: saveRecordUsingPOST_9
[2022-03-19 23:50:14.875] INFO [main]s.d.s.w.readers.operation.CachingOperationNameGenerator.startingWith:40 -Generating unique operation named: updateRecordUsingPOST_9
[2022-03-19 23:50:14.986] INFO [main]o.s.scheduling.concurrent.ThreadPoolTaskExecutor.initialize:181 -Initializing ExecutorService 'applicationTaskExecutor'
[2022-03-19 23:50:15.041] INFO [main]com.payermax.data.secure.client.DcSecureMain.logStarted:61 -Started DcSecureMain in 8.986 seconds (JVM running for 9.583)
[2022-03-19 23:50:27.494] INFO [http-nio-8000-exec-1]o.a.c.c.ContainerBase.[Tomcat].[localhost].[/dc-secure].log:173 -Initializing Spring DispatcherServlet 'dispatcherServlet'
[2022-03-19 23:50:27.501] INFO [http-nio-8000-exec-1]org.springframework.web.servlet.DispatcherServlet.initServletBean:525 -Initializing Servlet 'dispatcherServlet'
[2022-03-19 23:50:27.610] INFO [http-nio-8000-exec-1]org.springframework.web.servlet.DispatcherServlet.initServletBean:547 -Completed initialization in 109 ms
[2022-03-19 23:50:37.264] INFO [http-nio-8000-exec-1]com.alibaba.druid.pool.DruidDataSource.init:998 -{dataSource-1} inited
[2022-03-19 23:52:35.150] INFO [SpringContextShutdownHook]o.s.scheduling.concurrent.ThreadPoolTaskExecutor.shutdown:218 -Shutting down ExecutorService 'applicationTaskExecutor'
[2022-03-19 23:52:35.194] INFO [SpringContextShutdownHook]com.alibaba.druid.pool.DruidDataSource.close:2071 -{dataSource-1} closing ...
[2022-03-19 23:52:35.340] INFO [SpringContextShutdownHook]com.alibaba.druid.pool.DruidDataSource.close:2144 -{dataSource-1} closed
[2022-03-19 23:52:35.378] INFO [SpringContextShutdownHook]c.a.n.s.c.a.config.NacosValueAnnotationBeanPostProcessor.destroy:354 -class com.alibaba.nacos.spring.context.annotation.config.NacosValueAnnotationBeanPostProcessor was destroying!
[2022-03-19 23:52:35.380] INFO [SpringContextShutdownHook]c.a.n.s.b.f.a.AnnotationNacosInjectedBeanPostProcessor.destroy:354 -class com.alibaba.nacos.spring.beans.factory.annotation.AnnotationNacosInjectedBeanPostProcessor was destroying!
